2014/12/02 17:17:52 INFO  - jmeter.util.JMeterUtils: Setting Locale to en_PH 
2014/12/02 17:17:52 INFO  - jmeter.JMeter: Loading user properties from: /usr/share/jmeter/bin/user.properties 
2014/12/02 17:17:52 INFO  - jmeter.JMeter: Loading system properties from: /usr/share/jmeter/bin/system.properties 
2014/12/02 17:17:52 INFO  - jmeter.JMeter: Copyright (c) 1998-2012 The Apache Software Foundation 
2014/12/02 17:17:52 INFO  - jmeter.JMeter: Version 2.8.20130705 
2014/12/02 17:17:52 INFO  - jmeter.JMeter: java.version=1.7.0_72 
2014/12/02 17:17:52 INFO  - jmeter.JMeter: java.vm.name=Java HotSpot(TM) Client VM 
2014/12/02 17:17:52 INFO  - jmeter.JMeter: os.name=Linux 
2014/12/02 17:17:52 INFO  - jmeter.JMeter: os.arch=i386 
2014/12/02 17:17:52 INFO  - jmeter.JMeter: os.version=3.13.0-24-generic 
2014/12/02 17:17:52 INFO  - jmeter.JMeter: file.encoding=UTF-8 
2014/12/02 17:17:52 INFO  - jmeter.JMeter: Default Locale=English (Philippines) 
2014/12/02 17:17:52 INFO  - jmeter.JMeter: JMeter  Locale=English (Philippines) 
2014/12/02 17:17:52 INFO  - jmeter.JMeter: JMeterHome=/usr/share/jmeter 
2014/12/02 17:17:52 INFO  - jmeter.JMeter: user.dir  =/home/papershoppe/Documents/CSC 18-SERIES/TESTS/bank-app 
2014/12/02 17:17:52 INFO  - jmeter.JMeter: PWD       =/home/papershoppe/Documents/CSC 18-SERIES/TESTS/bank-app 
2014/12/02 17:17:52 INFO  - jmeter.JMeter: IP: 127.0.1.1 Name: PAPERSHOPPE FullName: PAPERSHOPPE 
2014/12/02 17:17:52 INFO  - jmeter.JMeter: Loaded icon properties from org/apache/jmeter/images/icon.properties 
2014/12/02 17:17:53 INFO  - jmeter.engine.util.CompoundVariable: Note: Function class names must contain the string: '.functions.' 
2014/12/02 17:17:53 INFO  - jmeter.engine.util.CompoundVariable: Note: Function class names must not contain the string: '.gui.' 
2014/12/02 17:17:54 INFO  - jmeter.gui.action.LookAndFeelCommand: Using look and feel: javax.swing.plaf.metal.MetalLookAndFeel [Metal, CrossPlatform, System] 
2014/12/02 17:17:56 INFO  - jmeter.util.BSFTestElement: Registering JMeter version of JavaScript engine as work-round for BSF-22 
2014/12/02 17:17:56 INFO  - jmeter.protocol.http.sampler.HTTPSamplerBase: Cannot find .className property for htmlParser, using default 
2014/12/02 17:17:56 INFO  - jmeter.protocol.http.sampler.HTTPSamplerBase: Parser for text/html is  
2014/12/02 17:17:56 INFO  - jmeter.protocol.http.sampler.HTTPSamplerBase: Parser for application/xhtml+xml is  
2014/12/02 17:17:56 INFO  - jmeter.protocol.http.sampler.HTTPSamplerBase: Parser for application/xml is  
2014/12/02 17:17:56 INFO  - jmeter.protocol.http.sampler.HTTPSamplerBase: Parser for text/xml is  
2014/12/02 17:17:56 INFO  - jmeter.protocol.http.sampler.HTTPSamplerBase: Parser for text/vnd.wap.wml is org.apache.jmeter.protocol.http.parser.RegexpHTMLParser 
2014/12/02 17:17:56 INFO  - jmeter.protocol.http.sampler.HTTPSamplerBase: Reuse SSL session context on subsequent iterations: true 
2014/12/02 17:17:56 INFO  - jmeter.gui.util.MenuFactory: Skipping org.apache.jmeter.protocol.http.modifier.gui.ParamModifierGui 
2014/12/02 17:17:56 INFO  - jmeter.samplers.SampleResult: Note: Sample TimeStamps are START times 
2014/12/02 17:17:56 INFO  - jmeter.samplers.SampleResult: sampleresult.default.encoding is set to ISO-8859-1 
2014/12/02 17:17:56 INFO  - jmeter.samplers.SampleResult: sampleresult.useNanoTime=true 
2014/12/02 17:17:56 INFO  - jmeter.samplers.SampleResult: sampleresult.nanoThreadSleep=5000 
2014/12/02 17:18:01 INFO  - jmeter.services.FileServer: Default base='/home/papershoppe/Documents/CSC 18-SERIES/TESTS/bank-app' 
2014/12/02 17:18:01 INFO  - jmeter.gui.action.Load: Loading file: /home/papershoppe/Documents/CSC 18-SERIES/TESTS/bank-app/View Results Tree.jmx 
2014/12/02 17:18:01 INFO  - jmeter.services.FileServer: Set new base='/home/papershoppe/Documents/CSC 18-SERIES/TESTS/bank-app' 
2014/12/02 17:18:01 INFO  - jmeter.save.SaveService: Testplan (JMX) version: 2.2. Testlog (JTL) version: 2.2 
2014/12/02 17:18:01 INFO  - jmeter.save.SaveService: Using SaveService properties file encoding UTF-8 
2014/12/02 17:18:01 INFO  - jmeter.save.SaveService: Using SaveService properties file version 1382180 
2014/12/02 17:18:01 INFO  - jmeter.save.SaveService: Using SaveService properties version 2.3 
2014/12/02 17:18:01 INFO  - jmeter.save.SaveService: All converter versions present and correct 
2014/12/02 17:18:01 INFO  - jmeter.services.FileServer: Set new base='/home/papershoppe/Documents/CSC 18-SERIES/TESTS/bank-app' 
2014/12/02 17:22:00 INFO  - jmeter.engine.StandardJMeterEngine: Listeners will be started after enabling running version 
2014/12/02 17:22:00 INFO  - jmeter.engine.StandardJMeterEngine: To revert to the earlier behaviour, define jmeterengine.startlistenerslater=false 
2014/12/02 17:22:00 INFO  - jmeter.engine.StandardJMeterEngine: Running the test! 
2014/12/02 17:22:00 INFO  - jmeter.gui.util.JMeterMenuBar: setRunning(true,*local*) 
2014/12/02 17:22:01 INFO  - jmeter.engine.StandardJMeterEngine: Starting ThreadGroup: 1 : Thread Group 
2014/12/02 17:22:01 INFO  - jmeter.engine.StandardJMeterEngine: Starting 20 threads for group Thread Group. 
2014/12/02 17:22:01 INFO  - jmeter.engine.StandardJMeterEngine: Thread will continue on error 
2014/12/02 17:22:01 INFO  - jmeter.threads.ThreadGroup: Starting thread group number 1 threads 20 ramp-up 0 perThread 0.0 delayedStart=false 
2014/12/02 17:22:01 INFO  - jmeter.threads.JMeterThread: jmeterthread.startearlier=true (see jmeter.properties) 
2014/12/02 17:22:01 INFO  - jmeter.threads.JMeterThread: Running PostProcessors in forward order 
2014/12/02 17:22:01 INFO  - jmeter.threads.JMeterThread: Thread started: Thread Group 1-6 
2014/12/02 17:22:01 INFO  - jmeter.threads.JMeterThread: Thread started: Thread Group 1-5 
2014/12/02 17:22:01 INFO  - jmeter.threads.JMeterThread: Thread started: Thread Group 1-1 
2014/12/02 17:22:01 INFO  - jmeter.threads.JMeterThread: Thread started: Thread Group 1-4 
2014/12/02 17:22:01 INFO  - jmeter.threads.JMeterThread: Thread started: Thread Group 1-2 
2014/12/02 17:22:01 INFO  - jmeter.threads.JMeterThread: Thread started: Thread Group 1-3 
2014/12/02 17:22:01 WARN  - kg.apc.jmeter.timers.VariableThroughputTimer: No free threads left in worker pool, made  0/5.0 samples 
2014/12/02 17:22:01 INFO  - jmeter.threads.JMeterThread: Thread started: Thread Group 1-11 
2014/12/02 17:22:01 INFO  - jmeter.threads.JMeterThread: Thread started: Thread Group 1-7 
2014/12/02 17:22:01 INFO  - jmeter.threads.JMeterThread: Thread started: Thread Group 1-8 
2014/12/02 17:22:01 INFO  - jmeter.threads.JMeterThread: Thread started: Thread Group 1-9 
2014/12/02 17:22:01 INFO  - jmeter.threads.JMeterThread: Thread started: Thread Group 1-10 
2014/12/02 17:22:01 INFO  - jmeter.threads.JMeterThread: Thread started: Thread Group 1-12 
2014/12/02 17:22:01 INFO  - jmeter.threads.JMeterThread: Thread started: Thread Group 1-15 
2014/12/02 17:22:01 INFO  - jmeter.threads.JMeterThread: Thread started: Thread Group 1-13 
2014/12/02 17:22:01 INFO  - jmeter.threads.JMeterThread: Thread started: Thread Group 1-16 
2014/12/02 17:22:01 INFO  - jmeter.threads.JMeterThread: Thread started: Thread Group 1-14 
2014/12/02 17:22:01 INFO  - jmeter.protocol.http.sampler.HTTPHCAbstractImpl: Local host = PAPERSHOPPE 
2014/12/02 17:22:01 INFO  - jmeter.protocol.http.sampler.HTTPHC4Impl: HTTP request retry count = 1 
2014/12/02 17:22:01 INFO  - jmeter.threads.JMeterThread: Thread started: Thread Group 1-17 
2014/12/02 17:22:01 INFO  - jmeter.threads.JMeterThread: Thread started: Thread Group 1-18 
2014/12/02 17:22:01 INFO  - jmeter.threads.JMeterThread: Thread started: Thread Group 1-20 
2014/12/02 17:22:01 INFO  - jmeter.threads.JMeterThread: Thread started: Thread Group 1-19 
2014/12/02 17:22:01 INFO  - jmeter.threads.ThreadGroup: Started thread group number 1 
2014/12/02 17:22:01 INFO  - jmeter.engine.StandardJMeterEngine: All thread groups have been started 
2014/12/02 17:22:01 INFO  - jmeter.protocol.http.sampler.HTTPHC4Impl: Setting up HTTPS TrustAll scheme 
2014/12/02 17:22:01 INFO  - jmeter.util.JsseSSLManager: Using default SSL protocol: TLS 
2014/12/02 17:22:01 INFO  - jmeter.util.JsseSSLManager: SSL session context: per-thread 
